<?xml version="1.0" encoding="UTF-8"?>
<!-- Generated by org.testng.reporters.JUnitReportReporter -->
<testsuite hostname="DESKTOP-04UPQC3" name="com.onpassiveAudioConference.test.CreateScheduleAudio" tests="1" failures="0" timestamp="12 Oct 2020 06:00:55 GMT" time="55.540" errors="0">
  <testcase name="cteateEvent" time="55.540" classname="com.onpassiveAudioConference.test.CreateScheduleAudio"/>
</testsuite> <!-- com.onpassiveAudioConference.test.CreateScheduleAudio -->
