<?xml version="1.0" encoding="UTF-8"?>
<!-- Generated by org.testng.reporters.JUnitReportReporter -->
<testsuite hostname="DESKTOP-04UPQC3" name="com.onpassivewebinar.test.CreateSchedule" tests="1" failures="0" timestamp="11 Sep 2020 09:32:43 GMT" time="51.542" errors="0">
  <testcase name="createEvent" time="51.542" classname="com.onpassivewebinar.test.CreateSchedule"/>
</testsuite> <!-- com.onpassivewebinar.test.CreateSchedule -->
