<?xml version="1.0" encoding="UTF-8"?>
<!-- Generated by org.testng.reporters.JUnitReportReporter -->
<testsuite hostname="DESKTOP-04UPQC3" name="com.onpassiveAudioConference.test.CreateScheduleAudio" tests="1" failures="0" timestamp="7 Oct 2020 08:59:06 GMT" time="55.342" errors="0">
  <testcase name="cteateEvent" time="55.342" classname="com.onpassiveAudioConference.test.CreateScheduleAudio"/>
</testsuite> <!-- com.onpassiveAudioConference.test.CreateScheduleAudio -->
