<?xml version="1.0" encoding="UTF-8"?>
<!-- Generated by org.testng.reporters.JUnitReportReporter -->
<testsuite hostname="DESKTOP-04UPQC3" name="com.onpassivewebinar.test.ValidLogin" tests="1" failures="0" timestamp="10 Sep 2020 07:20:35 GMT" time="7.989" errors="0">
  <testcase name="loginUser" time="7.989" classname="com.onpassivewebinar.test.ValidLogin"/>
</testsuite> <!-- com.onpassivewebinar.test.ValidLogin -->
