<?xml version="1.0" encoding="UTF-8"?>
<!-- Generated by org.testng.reporters.JUnitReportReporter -->
<testsuite hostname="DESKTOP-04UPQC3" name="com.onpassivewebinar.test.JoinMeeting" tests="1" failures="0" timestamp="22 Sep 2020 05:12:17 GMT" time="18.531" errors="0">
  <testcase name="jointheMeeting" time="18.531" classname="com.onpassivewebinar.test.JoinMeeting"/>
</testsuite> <!-- com.onpassivewebinar.test.JoinMeeting -->
