<?xml version="1.0" encoding="UTF-8"?>
<!-- Generated by org.testng.reporters.JUnitReportReporter -->
<testsuite hostname="DESKTOP-04UPQC3" name="com.onpassiveAudioConference.test.InvitationSummaryAudio" tests="1" failures="0" timestamp="12 Oct 2020 06:24:42 GMT" time="72.571" errors="0">
  <testcase name="invitationSummary" time="72.571" classname="com.onpassiveAudioConference.test.InvitationSummaryAudio"/>
</testsuite> <!-- com.onpassiveAudioConference.test.InvitationSummaryAudio -->
