<?xml version="1.0" encoding="UTF-8"?>
<!-- Generated by org.testng.reporters.JUnitReportReporter -->
<testsuite hostname="DESKTOP-04UPQC3" name="com.onpassivewebinar.test.InviteForMeeting" tests="1" failures="0" timestamp="14 Sep 2020 03:42:38 GMT" time="56.233" errors="0">
  <testcase name="invitePeopleForMeeting" time="56.233" classname="com.onpassivewebinar.test.InviteForMeeting"/>
</testsuite> <!-- com.onpassivewebinar.test.InviteForMeeting -->
