<?xml version="1.0" encoding="UTF-8"?>
<!-- Generated by org.testng.reporters.JUnitReportReporter -->
<testsuite hostname="DESKTOP-04UPQC3" name="com.onpassiveChatandFileShare.test.CreateChatandFileShare" tests="1" failures="0" timestamp="19 Oct 2020 07:42:39 GMT" time="56.502" errors="0">
  <testcase name="createEvent" time="56.502" classname="com.onpassiveChatandFileShare.test.CreateChatandFileShare"/>
</testsuite> <!-- com.onpassiveChatandFileShare.test.CreateChatandFileShare -->
