<?xml version="1.0" encoding="UTF-8"?>
<!-- Generated by org.testng.reporters.JUnitReportReporter -->
<testsuite hostname="DESKTOP-04UPQC3" name="com.onpassivewebinar.test.ValidLogin" tests="1" failures="0" timestamp="12 Aug 2020 11:06:14 GMT" time="4.037" errors="0">
  <testcase name="loginUser" time="4.037" classname="com.onpassivewebinar.test.ValidLogin"/>
</testsuite> <!-- com.onpassivewebinar.test.ValidLogin -->
