<?xml version="1.0" encoding="UTF-8"?>
<!-- Generated by org.testng.reporters.JUnitReportReporter -->
<testsuite hostname="DESKTOP-04UPQC3" name="com.onpassivewebinar.test.InvitationSummary" tests="1" failures="0" timestamp="14 Sep 2020 06:22:08 GMT" time="67.972" errors="0">
  <testcase name="totalInvitedPeople" time="67.972" classname="com.onpassivewebinar.test.InvitationSummary"/>
</testsuite> <!-- com.onpassivewebinar.test.InvitationSummary -->
