<?xml version="1.0" encoding="UTF-8"?>
<!-- Generated by org.testng.reporters.JUnitReportReporter -->
<testsuite hostname="DESKTOP-04UPQC3" name="com.onpassiveAudioConference.test.InvitePeopleAudio" tests="1" failures="0" timestamp="12 Oct 2020 06:20:59 GMT" time="66.306" errors="0">
  <testcase name="invitepeopleAudio" time="66.306" classname="com.onpassiveAudioConference.test.InvitePeopleAudio"/>
</testsuite> <!-- com.onpassiveAudioConference.test.InvitePeopleAudio -->
